[0221/164933.104:WARNING:dns_config_service_win.cc(715)] Failed to read DnsHosts.
[0221/164933.137:WARNING:dns_config_service_win.cc(715)] Failed to read DnsHosts.
[0221/164933.186:WARNING:dns_config_service_win.cc(715)] Failed to read DnsHosts.
[0221/164933.368:WARNING:dns_config_service_win.cc(715)] Failed to read DnsHosts.
[0221/164933.414:WARNING:dns_config_service_win.cc(715)] Failed to read DnsHosts.
[0221/164933.498:WARNING:dns_config_service_win.cc(715)] Failed to read DnsHosts.
[0221/164933.748:WARNING:dns_config_service_win.cc(715)] Failed to read DnsHosts.
[0221/164933.750:WARNING:dns_config_service_win.cc(715)] Failed to read DnsHosts.
[0221/164933.843:WARNING:dns_config_service_win.cc(715)] Failed to read DnsHosts.
[0221/164933.881:WARNING:dns_config_service_win.cc(715)] Failed to read DnsHosts.
[0221/164933.914:WARNING:dns_config_service_win.cc(715)] Failed to read DnsHosts.
[0221/164933.951:WARNING:dns_config_service_win.cc(715)] Failed to read DnsHosts.
[0221/164933.986:WARNING:dns_config_service_win.cc(715)] Failed to read DnsHosts.
[0221/164934.034:WARNING:dns_config_service_win.cc(715)] Failed to read DnsHosts.
[0221/164934.036:WARNING:dns_config_service_win.cc(715)] Failed to read DnsHosts.
[0221/164934.088:WARNING:dns_config_service_win.cc(715)] Failed to read DnsHosts.
[0221/164934.089:WARNING:dns_config_service_win.cc(715)] Failed to read DnsHosts.
[0221/164934.242:WARNING:dns_config_service_win.cc(715)] Failed to read DnsHosts.
[0221/164934.397:WARNING:dns_config_service_win.cc(715)] Failed to read DnsHosts.
[0221/164934.553:WARNING:dns_config_service_win.cc(715)] Failed to read DnsHosts.
[0221/164934.796:WARNING:dns_config_service_win.cc(715)] Failed to read DnsHosts.
[0221/164934.818:WARNING:dns_config_service_win.cc(715)] Failed to read DnsHosts.
[0221/164934.847:WARNING:dns_config_service_win.cc(715)] Failed to read DnsHosts.
[0221/164934.932:WARNING:dns_config_service_win.cc(715)] Failed to read DnsHosts.
[0221/164934.954:WARNING:dns_config_service_win.cc(715)] Failed to read DnsHosts.
[0221/164935.071:WARNING:dns_config_service_win.cc(715)] Failed to read DnsHosts.
[0221/164935.220:WARNING:dns_config_service_win.cc(715)] Failed to read DnsHosts.
[0221/164935.329:WARNING:dns_config_service_win.cc(715)] Failed to read DnsHosts.
[0221/164935.516:WARNING:dns_config_service_win.cc(715)] Failed to read DnsHosts.
[0221/165727.734:WARNING:dns_config_service_win.cc(715)] Failed to read DnsHosts.
[0221/165727.756:WARNING:dns_config_service_win.cc(715)] Failed to read DnsHosts.
[0221/165727.791:WARNING:dns_config_service_win.cc(715)] Failed to read DnsHosts.
[0221/165727.835:WARNING:dns_config_service_win.cc(715)] Failed to read DnsHosts.
[0221/165728.054:WARNING:dns_config_service_win.cc(715)] Failed to read DnsHosts.
[0221/165728.055:WARNING:dns_config_service_win.cc(715)] Failed to read DnsHosts.
[0221/165728.174:WARNING:dns_config_service_win.cc(715)] Failed to read DnsHosts.
[0221/165728.275:WARNING:dns_config_service_win.cc(715)] Failed to read DnsHosts.
[0221/165728.325:WARNING:dns_config_service_win.cc(715)] Failed to read DnsHosts.
[0221/165728.391:WARNING:dns_config_service_win.cc(715)] Failed to read DnsHosts.
[0221/165728.541:WARNING:dns_config_service_win.cc(715)] Failed to read DnsHosts.
[0221/165728.761:WARNING:dns_config_service_win.cc(715)] Failed to read DnsHosts.
[0221/165728.869:WARNING:dns_config_service_win.cc(715)] Failed to read DnsHosts.
[0221/165729.027:WARNING:dns_config_service_win.cc(715)] Failed to read DnsHosts.
[0221/165729.035:WARNING:dns_config_service_win.cc(715)] Failed to read DnsHosts.
[0221/165729.084:WARNING:dns_config_service_win.cc(715)] Failed to read DnsHosts.
[0221/165729.131:WARNING:dns_config_service_win.cc(715)] Failed to read DnsHosts.
[0221/165729.168:WARNING:dns_config_service_win.cc(715)] Failed to read DnsHosts.
[0221/165729.220:WARNING:dns_config_service_win.cc(715)] Failed to read DnsHosts.
[0221/165729.404:WARNING:dns_config_service_win.cc(715)] Failed to read DnsHosts.
[0221/165729.470:WARNING:dns_config_service_win.cc(715)] Failed to read DnsHosts.
[0221/165729.554:WARNING:dns_config_service_win.cc(715)] Failed to read DnsHosts.
[0221/165729.694:WARNING:dns_config_service_win.cc(715)] Failed to read DnsHosts.
[0221/165729.839:WARNING:dns_config_service_win.cc(715)] Failed to read DnsHosts.
[0221/165729.887:WARNING:dns_config_service_win.cc(715)] Failed to read DnsHosts.
[0221/165730.052:WARNING:dns_config_service_win.cc(715)] Failed to read DnsHosts.
[0221/165730.219:WARNING:dns_config_service_win.cc(715)] Failed to read DnsHosts.
[0221/165730.366:WARNING:dns_config_service_win.cc(715)] Failed to read DnsHosts.
[0221/165730.459:WARNING:dns_config_service_win.cc(715)] Failed to read DnsHosts.
[0221/165730.580:WARNING:dns_config_service_win.cc(715)] Failed to read DnsHosts.
[0221/165730.580:WARNING:dns_config_service_win.cc(715)] Failed to read DnsHosts.
[0221/165730.627:WARNING:dns_config_service_win.cc(715)] Failed to read DnsHosts.
[0221/165730.627:WARNING:dns_config_service_win.cc(715)] Failed to read DnsHosts.
[0221/165730.636:WARNING:dns_config_service_win.cc(715)] Failed to read DnsHosts.
[0221/165730.639:WARNING:dns_config_service_win.cc(715)] Failed to read DnsHosts.
[0221/183225.528:ERROR:browser_gpu_channel_host_factory.cc(139)] Failed to launch GPU process.
[0222/143718.179:WARNING:dns_config_service_win.cc(715)] Failed to read DnsHosts.
[0222/143718.775:WARNING:dns_config_service_win.cc(715)] Failed to read DnsHosts.
[0222/143718.943:WARNING:dns_config_service_win.cc(715)] Failed to read DnsHosts.
[0222/143719.131:WARNING:dns_config_service_win.cc(715)] Failed to read DnsHosts.
[0222/143719.177:WARNING:dns_config_service_win.cc(715)] Failed to read DnsHosts.
[0222/143719.346:WARNING:dns_config_service_win.cc(715)] Failed to read DnsHosts.
[0222/143719.476:WARNING:dns_config_service_win.cc(715)] Failed to read DnsHosts.
[0222/143719.646:WARNING:dns_config_service_win.cc(715)] Failed to read DnsHosts.
[0222/143719.698:WARNING:dns_config_service_win.cc(715)] Failed to read DnsHosts.
[0222/143719.797:WARNING:dns_config_service_win.cc(715)] Failed to read DnsHosts.
[0222/143719.850:WARNING:dns_config_service_win.cc(715)] Failed to read DnsHosts.
[0222/143719.857:WARNING:dns_config_service_win.cc(715)] Failed to read DnsHosts.
[0222/143719.915:WARNING:dns_config_service_win.cc(715)] Failed to read DnsHosts.
[0222/143719.976:WARNING:dns_config_service_win.cc(715)] Failed to read DnsHosts.
[0222/143720.022:WARNING:dns_config_service_win.cc(715)] Failed to read DnsHosts.
[0222/143720.027:WARNING:dns_config_service_win.cc(715)] Failed to read DnsHosts.
[0222/143720.095:WARNING:dns_config_service_win.cc(715)] Failed to read DnsHosts.
[0222/143720.165:WARNING:dns_config_service_win.cc(715)] Failed to read DnsHosts.
[0222/143720.215:WARNING:dns_config_service_win.cc(715)] Failed to read DnsHosts.
[0222/143720.421:WARNING:dns_config_service_win.cc(715)] Failed to read DnsHosts.
[0222/143720.461:WARNING:dns_config_service_win.cc(715)] Failed to read DnsHosts.
[0222/143720.506:WARNING:dns_config_service_win.cc(715)] Failed to read DnsHosts.
[0222/143720.562:WARNING:dns_config_service_win.cc(715)] Failed to read DnsHosts.
[0222/143720.565:WARNING:dns_config_service_win.cc(715)] Failed to read DnsHosts.
[0222/143720.631:WARNING:dns_config_service_win.cc(715)] Failed to read DnsHosts.
[0222/143720.637:WARNING:dns_config_service_win.cc(715)] Failed to read DnsHosts.
[0222/143720.678:WARNING:dns_config_service_win.cc(715)] Failed to read DnsHosts.
[0222/143720.741:WARNING:dns_config_service_win.cc(715)] Failed to read DnsHosts.
[0222/143720.942:WARNING:dns_config_service_win.cc(715)] Failed to read DnsHosts.
[0222/143721.044:WARNING:dns_config_service_win.cc(715)] Failed to read DnsHosts.
[0222/143721.082:WARNING:dns_config_service_win.cc(715)] Failed to read DnsHosts.
[0222/143721.141:WARNING:dns_config_service_win.cc(715)] Failed to read DnsHosts.
[0222/143721.157:WARNING:dns_config_service_win.cc(715)] Failed to read DnsHosts.
[0222/143721.311:WARNING:dns_config_service_win.cc(715)] Failed to read DnsHosts.
[0222/143721.341:WARNING:dns_config_service_win.cc(715)] Failed to read DnsHosts.
[0222/143721.345:WARNING:dns_config_service_win.cc(715)] Failed to read DnsHosts.
[0222/143721.393:WARNING:dns_config_service_win.cc(715)] Failed to read DnsHosts.
[0222/143721.438:WARNING:dns_config_service_win.cc(715)] Failed to read DnsHosts.
[0222/143721.440:WARNING:dns_config_service_win.cc(715)] Failed to read DnsHosts.
[0222/143721.473:WARNING:dns_config_service_win.cc(715)] Failed to read DnsHosts.
[0222/143721.475:WARNING:dns_config_service_win.cc(715)] Failed to read DnsHosts.
[0222/143721.499:WARNING:dns_config_service_win.cc(715)] Failed to read DnsHosts.
[0222/143721.541:WARNING:dns_config_service_win.cc(715)] Failed to read DnsHosts.
[0222/143721.543:WARNING:dns_config_service_win.cc(715)] Failed to read DnsHosts.
[0222/143721.567:WARNING:dns_config_service_win.cc(715)] Failed to read DnsHosts.
[0222/143721.567:WARNING:dns_config_service_win.cc(715)] Failed to read DnsHosts.
[0222/143721.599:WARNING:dns_config_service_win.cc(715)] Failed to read DnsHosts.
[0222/143721.614:WARNING:dns_config_service_win.cc(715)] Failed to read DnsHosts.
[0222/143721.697:WARNING:dns_config_service_win.cc(715)] Failed to read DnsHosts.
[0222/143721.699:WARNING:dns_config_service_win.cc(715)] Failed to read DnsHosts.
[0222/143721.727:WARNING:dns_config_service_win.cc(715)] Failed to read DnsHosts.
[0222/143721.728:WARNING:dns_config_service_win.cc(715)] Failed to read DnsHosts.
[0222/152235.633:WARNING:dns_config_service_win.cc(715)] Failed to read DnsHosts.
[0222/152235.673:WARNING:dns_config_service_win.cc(715)] Failed to read DnsHosts.
[0222/152235.769:WARNING:dns_config_service_win.cc(715)] Failed to read DnsHosts.
[0222/152235.796:WARNING:dns_config_service_win.cc(715)] Failed to read DnsHosts.
[0222/152235.797:WARNING:dns_config_service_win.cc(715)] Failed to read DnsHosts.
[0222/152235.821:WARNING:dns_config_service_win.cc(715)] Failed to read DnsHosts.
[0222/152235.882:WARNING:dns_config_service_win.cc(715)] Failed to read DnsHosts.
[0222/152236.017:WARNING:dns_config_service_win.cc(715)] Failed to read DnsHosts.
[0222/152236.230:WARNING:dns_config_service_win.cc(715)] Failed to read DnsHosts.
[0222/152236.318:WARNING:dns_config_service_win.cc(715)] Failed to read DnsHosts.
[0222/152236.390:WARNING:dns_config_service_win.cc(715)] Failed to read DnsHosts.
[0222/152236.427:WARNING:dns_config_service_win.cc(715)] Failed to read DnsHosts.
[0222/152236.602:WARNING:dns_config_service_win.cc(715)] Failed to read DnsHosts.
[0222/152236.692:WARNING:dns_config_service_win.cc(715)] Failed to read DnsHosts.
[0222/152236.694:WARNING:dns_config_service_win.cc(715)] Failed to read DnsHosts.
[0222/152236.712:WARNING:dns_config_service_win.cc(715)] Failed to read DnsHosts.
[0222/152236.746:WARNING:dns_config_service_win.cc(715)] Failed to read DnsHosts.
[0222/152236.747:WARNING:dns_config_service_win.cc(715)] Failed to read DnsHosts.
[0222/152236.771:WARNING:dns_config_service_win.cc(715)] Failed to read DnsHosts.
[0222/152236.800:WARNING:dns_config_service_win.cc(715)] Failed to read DnsHosts.
[0222/152236.801:WARNING:dns_config_service_win.cc(715)] Failed to read DnsHosts.
[0222/152236.823:WARNING:dns_config_service_win.cc(715)] Failed to read DnsHosts.
[0222/152236.856:WARNING:dns_config_service_win.cc(715)] Failed to read DnsHosts.
[0222/152236.861:WARNING:dns_config_service_win.cc(715)] Failed to read DnsHosts.
[0222/152236.883:WARNING:dns_config_service_win.cc(715)] Failed to read DnsHosts.
[0222/152236.907:WARNING:dns_config_service_win.cc(715)] Failed to read DnsHosts.
[0222/152236.934:WARNING:dns_config_service_win.cc(715)] Failed to read DnsHosts.
[0222/152236.968:WARNING:dns_config_service_win.cc(715)] Failed to read DnsHosts.
[0222/152236.970:WARNING:dns_config_service_win.cc(715)] Failed to read DnsHosts.
[0222/152236.997:WARNING:dns_config_service_win.cc(715)] Failed to read DnsHosts.
[0222/152237.074:WARNING:dns_config_service_win.cc(715)] Failed to read DnsHosts.
[0222/152237.106:WARNING:dns_config_service_win.cc(715)] Failed to read DnsHosts.
[0222/152237.168:WARNING:dns_config_service_win.cc(715)] Failed to read DnsHosts.
[0222/152237.200:WARNING:dns_config_service_win.cc(715)] Failed to read DnsHosts.
[0222/152237.228:WARNING:dns_config_service_win.cc(715)] Failed to read DnsHosts.
[0222/152237.314:WARNING:dns_config_service_win.cc(715)] Failed to read DnsHosts.
[0222/152237.360:WARNING:dns_config_service_win.cc(715)] Failed to read DnsHosts.
[0222/152237.397:WARNING:dns_config_service_win.cc(715)] Failed to read DnsHosts.
[0222/164440.354:WARNING:dns_config_service_win.cc(715)] Failed to read DnsHosts.
[0222/164440.495:WARNING:dns_config_service_win.cc(715)] Failed to read DnsHosts.
[0222/164440.510:WARNING:dns_config_service_win.cc(715)] Failed to read DnsHosts.
[0222/164440.588:WARNING:dns_config_service_win.cc(715)] Failed to read DnsHosts.
[0222/164440.635:WARNING:dns_config_service_win.cc(715)] Failed to read DnsHosts.
[0222/164440.666:WARNING:dns_config_service_win.cc(715)] Failed to read DnsHosts.
[0222/164440.713:WARNING:dns_config_service_win.cc(715)] Failed to read DnsHosts.
[0222/164440.745:WARNING:dns_config_service_win.cc(715)] Failed to read DnsHosts.
[0222/164440.802:WARNING:dns_config_service_win.cc(715)] Failed to read DnsHosts.
[0222/164440.804:WARNING:dns_config_service_win.cc(715)] Failed to read DnsHosts.
[0222/164440.848:WARNING:dns_config_service_win.cc(715)] Failed to read DnsHosts.
[0222/164440.854:WARNING:dns_config_service_win.cc(715)] Failed to read DnsHosts.
[0222/164440.887:WARNING:dns_config_service_win.cc(715)] Failed to read DnsHosts.
[0222/164440.918:WARNING:dns_config_service_win.cc(715)] Failed to read DnsHosts.
[0222/164440.965:WARNING:dns_config_service_win.cc(715)] Failed to read DnsHosts.
[0222/164441.049:WARNING:dns_config_service_win.cc(715)] Failed to read DnsHosts.
[0222/164441.053:WARNING:dns_config_service_win.cc(715)] Failed to read DnsHosts.
[0222/164441.086:WARNING:dns_config_service_win.cc(715)] Failed to read DnsHosts.
[0222/164441.097:WARNING:dns_config_service_win.cc(715)] Failed to read DnsHosts.
[0222/164441.139:WARNING:dns_config_service_win.cc(715)] Failed to read DnsHosts.
[0222/164441.141:WARNING:dns_config_service_win.cc(715)] Failed to read DnsHosts.
[0222/164441.178:WARNING:dns_config_service_win.cc(715)] Failed to read DnsHosts.
[0222/164441.219:WARNING:dns_config_service_win.cc(715)] Failed to read DnsHosts.
[0222/164441.262:WARNING:dns_config_service_win.cc(715)] Failed to read DnsHosts.
[0222/164441.265:WARNING:dns_config_service_win.cc(715)] Failed to read DnsHosts.
[0222/164441.298:WARNING:dns_config_service_win.cc(715)] Failed to read DnsHosts.
[0222/164441.299:WARNING:dns_config_service_win.cc(715)] Failed to read DnsHosts.
[0222/164441.467:WARNING:dns_config_service_win.cc(715)] Failed to read DnsHosts.
[0222/164441.806:WARNING:dns_config_service_win.cc(715)] Failed to read DnsHosts.
[0222/164441.837:WARNING:dns_config_service_win.cc(715)] Failed to read DnsHosts.
[0222/164441.853:WARNING:dns_config_service_win.cc(715)] Failed to read DnsHosts.
[0222/164441.894:WARNING:dns_config_service_win.cc(715)] Failed to read DnsHosts.
[0222/164441.937:WARNING:dns_config_service_win.cc(715)] Failed to read DnsHosts.
[0222/164441.984:WARNING:dns_config_service_win.cc(715)] Failed to read DnsHosts.
[0222/164442.016:WARNING:dns_config_service_win.cc(715)] Failed to read DnsHosts.
[0222/164442.016:WARNING:dns_config_service_win.cc(715)] Failed to read DnsHosts.
[0222/164442.047:WARNING:dns_config_service_win.cc(715)] Failed to read DnsHosts.
[0222/164442.062:WARNING:dns_config_service_win.cc(715)] Failed to read DnsHosts.
[0222/164442.094:WARNING:dns_config_service_win.cc(715)] Failed to read DnsHosts.
[0222/164442.094:WARNING:dns_config_service_win.cc(715)] Failed to read DnsHosts.
[0222/164442.176:WARNING:dns_config_service_win.cc(715)] Failed to read DnsHosts.
[0222/164442.178:WARNING:dns_config_service_win.cc(715)] Failed to read DnsHosts.
[0222/164442.202:WARNING:dns_config_service_win.cc(715)] Failed to read DnsHosts.
[0222/164442.203:WARNING:dns_config_service_win.cc(715)] Failed to read DnsHosts.
[0222/164442.219:WARNING:dns_config_service_win.cc(715)] Failed to read DnsHosts.
[0222/164442.219:WARNING:dns_config_service_win.cc(715)] Failed to read DnsHosts.
[0222/164442.268:WARNING:dns_config_service_win.cc(715)] Failed to read DnsHosts.
[0222/164442.317:WARNING:dns_config_service_win.cc(715)] Failed to read DnsHosts.
[0222/164442.352:WARNING:dns_config_service_win.cc(715)] Failed to read DnsHosts.
[0222/164442.383:WARNING:dns_config_service_win.cc(715)] Failed to read DnsHosts.
[0222/164442.430:WARNING:dns_config_service_win.cc(715)] Failed to read DnsHosts.
[0222/164442.503:WARNING:dns_config_service_win.cc(715)] Failed to read DnsHosts.
[0222/164442.503:WARNING:dns_config_service_win.cc(715)] Failed to read DnsHosts.
[0222/175350.700:WARNING:dns_config_service_win.cc(668)] Failed to read DnsConfig.
[0222/175355.748:WARNING:dns_config_service_win.cc(668)] Failed to read DnsConfig.
[0222/175400.780:WARNING:dns_config_service_win.cc(668)] Failed to read DnsConfig.
[0222/175405.825:WARNING:dns_config_service_win.cc(668)] Failed to read DnsConfig.
[0222/175410.840:WARNING:dns_config_service_win.cc(668)] Failed to read DnsConfig.
[0222/175415.897:WARNING:dns_config_service_win.cc(668)] Failed to read DnsConfig.
[0222/175420.927:WARNING:dns_config_service_win.cc(668)] Failed to read DnsConfig.
[0222/175425.976:WARNING:dns_config_service_win.cc(668)] Failed to read DnsConfig.
[0222/175431.023:WARNING:dns_config_service_win.cc(668)] Failed to read DnsConfig.
[0222/175436.064:WARNING:dns_config_service_win.cc(668)] Failed to read DnsConfig.
[0222/175441.119:WARNING:dns_config_service_win.cc(668)] Failed to read DnsConfig.
[0222/175446.134:WARNING:dns_config_service_win.cc(668)] Failed to read DnsConfig.
[0222/175451.198:WARNING:dns_config_service_win.cc(668)] Failed to read DnsConfig.
[0222/175456.242:WARNING:dns_config_service_win.cc(668)] Failed to read DnsConfig.
[0222/175501.301:WARNING:dns_config_service_win.cc(668)] Failed to read DnsConfig.
[0222/175506.369:WARNING:dns_config_service_win.cc(668)] Failed to read DnsConfig.
[0222/175511.380:WARNING:dns_config_service_win.cc(668)] Failed to read DnsConfig.
[0222/205514.627:WARNING:dns_config_service_win.cc(668)] Failed to read DnsConfig.
[0222/205519.643:WARNING:dns_config_service_win.cc(668)] Failed to read DnsConfig.
[0222/205521.137:WARNING:dns_config_service_win.cc(668)] Failed to read DnsConfig.
[0223/075642.774:WARNING:dns_config_service_win.cc(668)] Failed to read DnsConfig.
[0223/075647.782:WARNING:dns_config_service_win.cc(668)] Failed to read DnsConfig.
[0223/075652.796:WARNING:dns_config_service_win.cc(668)] Failed to read DnsConfig.
[0223/075657.808:WARNING:dns_config_service_win.cc(668)] Failed to read DnsConfig.
[0223/075702.829:WARNING:dns_config_service_win.cc(668)] Failed to read DnsConfig.
[0223/075707.843:WARNING:dns_config_service_win.cc(668)] Failed to read DnsConfig.
[0223/075712.866:WARNING:dns_config_service_win.cc(668)] Failed to read DnsConfig.
[0223/075717.884:WARNING:dns_config_service_win.cc(668)] Failed to read DnsConfig.
[0223/075722.899:WARNING:dns_config_service_win.cc(668)] Failed to read DnsConfig.
[0223/075727.921:WARNING:dns_config_service_win.cc(668)] Failed to read DnsConfig.
[0223/075732.938:WARNING:dns_config_service_win.cc(668)] Failed to read DnsConfig.
[0223/075737.951:WARNING:dns_config_service_win.cc(668)] Failed to read DnsConfig.
[0223/075742.971:WARNING:dns_config_service_win.cc(668)] Failed to read DnsConfig.
[0223/075747.987:WARNING:dns_config_service_win.cc(668)] Failed to read DnsConfig.
[0223/075752.996:WARNING:dns_config_service_win.cc(668)] Failed to read DnsConfig.
[0223/075758.012:WARNING:dns_config_service_win.cc(668)] Failed to read DnsConfig.
[0223/075803.033:WARNING:dns_config_service_win.cc(668)] Failed to read DnsConfig.
[0223/075808.049:WARNING:dns_config_service_win.cc(668)] Failed to read DnsConfig.
[0223/075813.068:WARNING:dns_config_service_win.cc(668)] Failed to read DnsConfig.
[0223/075818.080:WARNING:dns_config_service_win.cc(668)] Failed to read DnsConfig.
[0223/075823.104:WARNING:dns_config_service_win.cc(668)] Failed to read DnsConfig.
[0223/075828.114:WARNING:dns_config_service_win.cc(668)] Failed to read DnsConfig.
[0223/075833.131:WARNING:dns_config_service_win.cc(668)] Failed to read DnsConfig.
[0223/075838.140:WARNING:dns_config_service_win.cc(668)] Failed to read DnsConfig.
[0223/075843.148:WARNING:dns_config_service_win.cc(668)] Failed to read DnsConfig.
[0223/075848.156:WARNING:dns_config_service_win.cc(668)] Failed to read DnsConfig.
[0223/075853.164:WARNING:dns_config_service_win.cc(668)] Failed to read DnsConfig.
[0223/075858.171:WARNING:dns_config_service_win.cc(668)] Failed to read DnsConfig.
[0223/075903.192:WARNING:dns_config_service_win.cc(668)] Failed to read DnsConfig.
[0223/075908.202:WARNING:dns_config_service_win.cc(668)] Failed to read DnsConfig.
[0223/075913.211:WARNING:dns_config_service_win.cc(668)] Failed to read DnsConfig.
[0223/075918.219:WARNING:dns_config_service_win.cc(668)] Failed to read DnsConfig.
[0223/075923.237:WARNING:dns_config_service_win.cc(668)] Failed to read DnsConfig.
[0223/075928.249:WARNING:dns_config_service_win.cc(668)] Failed to read DnsConfig.
[0223/075933.263:WARNING:dns_config_service_win.cc(668)] Failed to read DnsConfig.
[0223/075938.287:WARNING:dns_config_service_win.cc(668)] Failed to read DnsConfig.
[0223/075943.311:WARNING:dns_config_service_win.cc(668)] Failed to read DnsConfig.
[0223/075948.321:WARNING:dns_config_service_win.cc(668)] Failed to read DnsConfig.
[0223/075953.347:WARNING:dns_config_service_win.cc(668)] Failed to read DnsConfig.
[0223/075958.362:WARNING:dns_config_service_win.cc(668)] Failed to read DnsConfig.
[0223/080003.370:WARNING:dns_config_service_win.cc(668)] Failed to read DnsConfig.
[0223/084602.880:WARNING:dns_config_service_win.cc(715)] Failed to read DnsHosts.
[0223/084603.019:WARNING:dns_config_service_win.cc(715)] Failed to read DnsHosts.
[0223/084603.084:WARNING:dns_config_service_win.cc(715)] Failed to read DnsHosts.
[0223/084603.146:WARNING:dns_config_service_win.cc(715)] Failed to read DnsHosts.
[0223/084603.193:WARNING:dns_config_service_win.cc(715)] Failed to read DnsHosts.
[0223/084603.236:WARNING:dns_config_service_win.cc(715)] Failed to read DnsHosts.
[0223/084603.319:WARNING:dns_config_service_win.cc(715)] Failed to read DnsHosts.
[0223/084603.424:WARNING:dns_config_service_win.cc(715)] Failed to read DnsHosts.
[0223/084603.519:WARNING:dns_config_service_win.cc(715)] Failed to read DnsHosts.
[0223/084603.578:WARNING:dns_config_service_win.cc(715)] Failed to read DnsHosts.
[0223/084603.687:WARNING:dns_config_service_win.cc(715)] Failed to read DnsHosts.
[0223/084603.741:WARNING:dns_config_service_win.cc(715)] Failed to read DnsHosts.
[0223/084603.746:WARNING:dns_config_service_win.cc(715)] Failed to read DnsHosts.
[0223/084603.805:WARNING:dns_config_service_win.cc(715)] Failed to read DnsHosts.
[0223/084603.903:WARNING:dns_config_service_win.cc(715)] Failed to read DnsHosts.
[0223/084604.094:WARNING:dns_config_service_win.cc(715)] Failed to read DnsHosts.
[0223/084604.125:WARNING:dns_config_service_win.cc(715)] Failed to read DnsHosts.
[0223/084604.164:WARNING:dns_config_service_win.cc(715)] Failed to read DnsHosts.
[0223/084604.191:WARNING:dns_config_service_win.cc(715)] Failed to read DnsHosts.
[0223/084604.218:WARNING:dns_config_service_win.cc(715)] Failed to read DnsHosts.
[0223/084604.255:WARNING:dns_config_service_win.cc(715)] Failed to read DnsHosts.
[0223/084604.290:WARNING:dns_config_service_win.cc(715)] Failed to read DnsHosts.
[0223/084604.325:WARNING:dns_config_service_win.cc(715)] Failed to read DnsHosts.
[0223/084604.362:WARNING:dns_config_service_win.cc(715)] Failed to read DnsHosts.
[0223/084604.401:WARNING:dns_config_service_win.cc(715)] Failed to read DnsHosts.
[0223/084604.424:WARNING:dns_config_service_win.cc(715)] Failed to read DnsHosts.
[0223/084604.458:WARNING:dns_config_service_win.cc(715)] Failed to read DnsHosts.
[0223/084604.492:WARNING:dns_config_service_win.cc(715)] Failed to read DnsHosts.
[0223/084604.556:WARNING:dns_config_service_win.cc(715)] Failed to read DnsHosts.
[0223/084604.589:WARNING:dns_config_service_win.cc(715)] Failed to read DnsHosts.
[0223/084604.624:WARNING:dns_config_service_win.cc(715)] Failed to read DnsHosts.
[0223/084604.663:WARNING:dns_config_service_win.cc(715)] Failed to read DnsHosts.
[0223/084604.761:WARNING:dns_config_service_win.cc(715)] Failed to read DnsHosts.
[0223/084604.924:WARNING:dns_config_service_win.cc(715)] Failed to read DnsHosts.
[0223/084604.925:WARNING:dns_config_service_win.cc(715)] Failed to read DnsHosts.
[0223/084605.093:WARNING:dns_config_service_win.cc(715)] Failed to read DnsHosts.
[0223/084605.188:WARNING:dns_config_service_win.cc(715)] Failed to read DnsHosts.
[0223/084605.224:WARNING:dns_config_service_win.cc(715)] Failed to read DnsHosts.
[0223/084605.362:WARNING:dns_config_service_win.cc(715)] Failed to read DnsHosts.
[0223/084605.470:WARNING:dns_config_service_win.cc(715)] Failed to read DnsHosts.
[0223/084605.568:WARNING:dns_config_service_win.cc(715)] Failed to read DnsHosts.
[0223/084605.611:WARNING:dns_config_service_win.cc(715)] Failed to read DnsHosts.
[0223/084605.655:WARNING:dns_config_service_win.cc(715)] Failed to read DnsHosts.
[0223/084605.718:WARNING:dns_config_service_win.cc(715)] Failed to read DnsHosts.
[0223/084605.756:WARNING:dns_config_service_win.cc(715)] Failed to read DnsHosts.
[0223/084605.785:WARNING:dns_config_service_win.cc(715)] Failed to read DnsHosts.
[0223/084605.820:WARNING:dns_config_service_win.cc(715)] Failed to read DnsHosts.
[0223/084605.821:WARNING:dns_config_service_win.cc(715)] Failed to read DnsHosts.
[0223/084605.855:WARNING:dns_config_service_win.cc(715)] Failed to read DnsHosts.
[0223/084605.941:WARNING:dns_config_service_win.cc(715)] Failed to read DnsHosts.
[0223/084605.968:WARNING:dns_config_service_win.cc(715)] Failed to read DnsHosts.
[0223/084606.017:WARNING:dns_config_service_win.cc(715)] Failed to read DnsHosts.
[0223/084606.076:WARNING:dns_config_service_win.cc(715)] Failed to read DnsHosts.
[0223/084606.150:WARNING:dns_config_service_win.cc(715)] Failed to read DnsHosts.
[0223/084606.151:WARNING:dns_config_service_win.cc(715)] Failed to read DnsHosts.
[0223/093412.699:WARNING:dns_config_service_win.cc(715)] Failed to read DnsHosts.
[0223/093412.714:WARNING:dns_config_service_win.cc(715)] Failed to read DnsHosts.
[0223/093413.183:WARNING:dns_config_service_win.cc(715)] Failed to read DnsHosts.
[0223/093413.183:WARNING:dns_config_service_win.cc(715)] Failed to read DnsHosts.
[0223/124851.188:WARNING:dns_config_service_win.cc(715)] Failed to read DnsHosts.
[0223/124851.537:WARNING:dns_config_service_win.cc(715)] Failed to read DnsHosts.
[0223/124851.767:WARNING:dns_config_service_win.cc(715)] Failed to read DnsHosts.
[0223/124851.821:WARNING:dns_config_service_win.cc(715)] Failed to read DnsHosts.
[0223/124851.882:WARNING:dns_config_service_win.cc(715)] Failed to read DnsHosts.
[0223/124851.883:WARNING:dns_config_service_win.cc(715)] Failed to read DnsHosts.
[0223/124851.939:WARNING:dns_config_service_win.cc(715)] Failed to read DnsHosts.
[0223/124851.983:WARNING:dns_config_service_win.cc(715)] Failed to read DnsHosts.
[0223/124852.127:WARNING:dns_config_service_win.cc(715)] Failed to read DnsHosts.
[0223/124852.267:WARNING:dns_config_service_win.cc(715)] Failed to read DnsHosts.
[0223/124852.269:WARNING:dns_config_service_win.cc(715)] Failed to read DnsHosts.
[0223/124852.330:WARNING:dns_config_service_win.cc(715)] Failed to read DnsHosts.
[0223/124852.448:WARNING:dns_config_service_win.cc(715)] Failed to read DnsHosts.
[0223/124852.593:WARNING:dns_config_service_win.cc(715)] Failed to read DnsHosts.
[0223/124852.709:WARNING:dns_config_service_win.cc(715)] Failed to read DnsHosts.
[0223/124852.847:WARNING:dns_config_service_win.cc(715)] Failed to read DnsHosts.
[0223/124852.909:WARNING:dns_config_service_win.cc(715)] Failed to read DnsHosts.
[0223/124852.963:WARNING:dns_config_service_win.cc(715)] Failed to read DnsHosts.
[0223/124853.066:WARNING:dns_config_service_win.cc(715)] Failed to read DnsHosts.
[0223/124853.401:WARNING:dns_config_service_win.cc(715)] Failed to read DnsHosts.
[0223/124853.915:WARNING:dns_config_service_win.cc(715)] Failed to read DnsHosts.
[0223/124854.016:WARNING:dns_config_service_win.cc(715)] Failed to read DnsHosts.
[0223/124854.060:WARNING:dns_config_service_win.cc(715)] Failed to read DnsHosts.
[0223/124854.096:WARNING:dns_config_service_win.cc(715)] Failed to read DnsHosts.
[0223/124854.268:WARNING:dns_config_service_win.cc(715)] Failed to read DnsHosts.
[0223/124854.312:WARNING:dns_config_service_win.cc(715)] Failed to read DnsHosts.
[0223/124854.348:WARNING:dns_config_service_win.cc(715)] Failed to read DnsHosts.
[0223/124854.472:WARNING:dns_config_service_win.cc(715)] Failed to read DnsHosts.
[0223/124854.896:WARNING:dns_config_service_win.cc(715)] Failed to read DnsHosts.
[0223/124854.931:WARNING:dns_config_service_win.cc(715)] Failed to read DnsHosts.
[0223/124855.113:WARNING:dns_config_service_win.cc(715)] Failed to read DnsHosts.
[0223/142152.595:WARNING:dns_config_service_win.cc(715)] Failed to read DnsHosts.
[0223/142152.657:WARNING:dns_config_service_win.cc(715)] Failed to read DnsHosts.
[0223/142152.672:WARNING:dns_config_service_win.cc(715)] Failed to read DnsHosts.
[0223/142152.818:WARNING:dns_config_service_win.cc(715)] Failed to read DnsHosts.
[0223/142152.871:WARNING:dns_config_service_win.cc(715)] Failed to read DnsHosts.
[0223/142153.012:WARNING:dns_config_service_win.cc(715)] Failed to read DnsHosts.
[0223/142153.043:WARNING:dns_config_service_win.cc(715)] Failed to read DnsHosts.
[0223/142153.221:WARNING:dns_config_service_win.cc(715)] Failed to read DnsHosts.
[0223/142153.268:WARNING:dns_config_service_win.cc(715)] Failed to read DnsHosts.
[0223/142153.365:WARNING:dns_config_service_win.cc(715)] Failed to read DnsHosts.
[0223/142153.451:WARNING:dns_config_service_win.cc(715)] Failed to read DnsHosts.
[0223/142153.651:WARNING:dns_config_service_win.cc(715)] Failed to read DnsHosts.
[0223/142153.796:WARNING:dns_config_service_win.cc(715)] Failed to read DnsHosts.
[0223/142253.779:WARNING:dns_config_service_win.cc(668)] Failed to read DnsConfig.
[0223/142258.791:WARNING:dns_config_service_win.cc(668)] Failed to read DnsConfig.
[0223/142259.269:WARNING:dns_config_service_win.cc(668)] Failed to read DnsConfig.
[0223/142956.492:WARNING:dns_config_service_win.cc(668)] Failed to read DnsConfig.
[0223/153619.456:WARNING:dns_config_service_win.cc(715)] Failed to read DnsHosts.
[0223/153619.458:WARNING:dns_config_service_win.cc(715)] Failed to read DnsHosts.
[0223/153619.715:WARNING:dns_config_service_win.cc(715)] Failed to read DnsHosts.
[0223/153619.759:WARNING:dns_config_service_win.cc(715)] Failed to read DnsHosts.
[0223/153619.838:WARNING:dns_config_service_win.cc(715)] Failed to read DnsHosts.
[0223/153619.934:WARNING:dns_config_service_win.cc(715)] Failed to read DnsHosts.
[0223/153620.009:WARNING:dns_config_service_win.cc(715)] Failed to read DnsHosts.
[0223/153620.110:WARNING:dns_config_service_win.cc(715)] Failed to read DnsHosts.
[0223/153620.218:WARNING:dns_config_service_win.cc(715)] Failed to read DnsHosts.
[0223/153620.291:WARNING:dns_config_service_win.cc(715)] Failed to read DnsHosts.
[0223/153620.348:WARNING:dns_config_service_win.cc(715)] Failed to read DnsHosts.
[0223/153620.352:WARNING:dns_config_service_win.cc(715)] Failed to read DnsHosts.
[0223/153620.393:WARNING:dns_config_service_win.cc(715)] Failed to read DnsHosts.
[0223/153620.422:WARNING:dns_config_service_win.cc(715)] Failed to read DnsHosts.
[0223/153620.483:WARNING:dns_config_service_win.cc(715)] Failed to read DnsHosts.
[0223/153620.599:WARNING:dns_config_service_win.cc(715)] Failed to read DnsHosts.
[0223/153620.674:WARNING:dns_config_service_win.cc(715)] Failed to read DnsHosts.
[0223/153620.677:WARNING:dns_config_service_win.cc(715)] Failed to read DnsHosts.
[0223/153620.703:WARNING:dns_config_service_win.cc(715)] Failed to read DnsHosts.
[0223/153620.750:WARNING:dns_config_service_win.cc(715)] Failed to read DnsHosts.
[0223/153620.766:WARNING:dns_config_service_win.cc(715)] Failed to read DnsHosts.
[0223/153620.916:WARNING:dns_config_service_win.cc(715)] Failed to read DnsHosts.
[0223/153621.036:WARNING:dns_config_service_win.cc(715)] Failed to read DnsHosts.
[0223/153621.038:WARNING:dns_config_service_win.cc(715)] Failed to read DnsHosts.
[0223/153621.099:WARNING:dns_config_service_win.cc(715)] Failed to read DnsHosts.
[0223/153621.181:WARNING:dns_config_service_win.cc(715)] Failed to read DnsHosts.
[0223/153621.184:WARNING:dns_config_service_win.cc(715)] Failed to read DnsHosts.
[0223/153621.218:WARNING:dns_config_service_win.cc(715)] Failed to read DnsHosts.
[0223/153621.263:WARNING:dns_config_service_win.cc(715)] Failed to read DnsHosts.
[0223/153621.330:WARNING:dns_config_service_win.cc(715)] Failed to read DnsHosts.
[0223/153621.429:WARNING:dns_config_service_win.cc(715)] Failed to read DnsHosts.
[0223/153621.466:WARNING:dns_config_service_win.cc(715)] Failed to read DnsHosts.
[0223/153621.543:WARNING:dns_config_service_win.cc(715)] Failed to read DnsHosts.
[0223/153621.546:WARNING:dns_config_service_win.cc(715)] Failed to read DnsHosts.
[0223/153621.588:WARNING:dns_config_service_win.cc(715)] Failed to read DnsHosts.
[0223/153621.588:WARNING:dns_config_service_win.cc(715)] Failed to read DnsHosts.
[0223/153621.629:WARNING:dns_config_service_win.cc(715)] Failed to read DnsHosts.
[0223/153621.651:WARNING:dns_config_service_win.cc(715)] Failed to read DnsHosts.
[0223/153621.693:WARNING:dns_config_service_win.cc(715)] Failed to read DnsHosts.
[0223/153621.698:WARNING:dns_config_service_win.cc(715)] Failed to read DnsHosts.
[0223/153621.731:WARNING:dns_config_service_win.cc(715)] Failed to read DnsHosts.
[0223/153621.733:WARNING:dns_config_service_win.cc(715)] Failed to read DnsHosts.
[0223/153621.762:WARNING:dns_config_service_win.cc(715)] Failed to read DnsHosts.
[0223/153621.787:WARNING:dns_config_service_win.cc(715)] Failed to read DnsHosts.
[0223/153621.821:WARNING:dns_config_service_win.cc(715)] Failed to read DnsHosts.
[0223/153621.872:WARNING:dns_config_service_win.cc(715)] Failed to read DnsHosts.
[0223/153621.931:WARNING:dns_config_service_win.cc(715)] Failed to read DnsHosts.
[0223/153621.962:WARNING:dns_config_service_win.cc(715)] Failed to read DnsHosts.
[0223/153621.962:WARNING:dns_config_service_win.cc(715)] Failed to read DnsHosts.
[0223/153621.978:WARNING:dns_config_service_win.cc(715)] Failed to read DnsHosts.
[0223/153621.978:WARNING:dns_config_service_win.cc(715)] Failed to read DnsHosts.
[0223/153621.993:WARNING:dns_config_service_win.cc(715)] Failed to read DnsHosts.
[0223/153621.993:WARNING:dns_config_service_win.cc(715)] Failed to read DnsHosts.
[0223/153622.035:WARNING:dns_config_service_win.cc(715)] Failed to read DnsHosts.
[0223/153622.074:WARNING:dns_config_service_win.cc(715)] Failed to read DnsHosts.
[0223/153622.105:WARNING:dns_config_service_win.cc(715)] Failed to read DnsHosts.
[0223/153622.164:WARNING:dns_config_service_win.cc(715)] Failed to read DnsHosts.
[0223/153622.165:WARNING:dns_config_service_win.cc(715)] Failed to read DnsHosts.
[0223/153622.189:WARNING:dns_config_service_win.cc(715)] Failed to read DnsHosts.
[0223/153622.240:WARNING:dns_config_service_win.cc(715)] Failed to read DnsHosts.
[0223/153622.271:WARNING:dns_config_service_win.cc(715)] Failed to read DnsHosts.
[0223/153622.271:WARNING:dns_config_service_win.cc(715)] Failed to read DnsHosts.
[0223/153622.286:WARNING:dns_config_service_win.cc(715)] Failed to read DnsHosts.
[0223/153622.304:WARNING:dns_config_service_win.cc(715)] Failed to read DnsHosts.
[0223/153622.323:WARNING:dns_config_service_win.cc(715)] Failed to read DnsHosts.
[0223/153622.323:WARNING:dns_config_service_win.cc(715)] Failed to read DnsHosts.
[0223/153622.363:WARNING:dns_config_service_win.cc(715)] Failed to read DnsHosts.
[0223/182151.407:WARNING:dns_config_service_win.cc(715)] Failed to read DnsHosts.
[0223/182151.453:WARNING:dns_config_service_win.cc(715)] Failed to read DnsHosts.
[0223/182151.556:WARNING:dns_config_service_win.cc(715)] Failed to read DnsHosts.
[0223/182151.697:WARNING:dns_config_service_win.cc(715)] Failed to read DnsHosts.
[0223/182151.750:WARNING:dns_config_service_win.cc(715)] Failed to read DnsHosts.
[0223/182151.830:WARNING:dns_config_service_win.cc(715)] Failed to read DnsHosts.
[0223/182151.831:WARNING:dns_config_service_win.cc(715)] Failed to read DnsHosts.
[0223/182151.897:WARNING:dns_config_service_win.cc(715)] Failed to read DnsHosts.
[0223/182151.994:WARNING:dns_config_service_win.cc(715)] Failed to read DnsHosts.
[0223/182152.056:WARNING:dns_config_service_win.cc(715)] Failed to read DnsHosts.
[0223/182152.300:WARNING:dns_config_service_win.cc(715)] Failed to read DnsHosts.
[0223/182152.332:WARNING:dns_config_service_win.cc(715)] Failed to read DnsHosts.
[0223/182152.381:WARNING:dns_config_service_win.cc(715)] Failed to read DnsHosts.
[0223/182152.382:WARNING:dns_config_service_win.cc(715)] Failed to read DnsHosts.
[0223/182152.431:WARNING:dns_config_service_win.cc(715)] Failed to read DnsHosts.
[0223/182152.508:WARNING:dns_config_service_win.cc(715)] Failed to read DnsHosts.
[0223/182152.704:WARNING:dns_config_service_win.cc(715)] Failed to read DnsHosts.
[0223/182152.751:WARNING:dns_config_service_win.cc(715)] Failed to read DnsHosts.
[0223/182152.783:WARNING:dns_config_service_win.cc(715)] Failed to read DnsHosts.
[0223/182152.834:WARNING:dns_config_service_win.cc(715)] Failed to read DnsHosts.
[0223/182153.034:WARNING:dns_config_service_win.cc(715)] Failed to read DnsHosts.
[0223/182153.035:WARNING:dns_config_service_win.cc(715)] Failed to read DnsHosts.
[0223/182153.070:WARNING:dns_config_service_win.cc(715)] Failed to read DnsHosts.
[0223/183129.122:ERROR:browser_gpu_channel_host_factory.cc(139)] Failed to launch GPU process.
[0224/112753.903:INFO:CONSOLE(1)] "Long rAF frame-time", source: file:///C:/Program%20Files/Adobe/Adobe%20Photoshop%202020/Required/www-rich-tooltips/build/external.js (1)
[0224/140733.295:WARNING:dns_config_service_win.cc(715)] Failed to read DnsHosts.
[0224/140733.353:WARNING:dns_config_service_win.cc(715)] Failed to read DnsHosts.
[0224/140733.359:WARNING:dns_config_service_win.cc(715)] Failed to read DnsHosts.
[0224/140733.381:WARNING:dns_config_service_win.cc(715)] Failed to read DnsHosts.
[0224/140733.383:WARNING:dns_config_service_win.cc(715)] Failed to read DnsHosts.
[0224/140733.403:WARNING:dns_config_service_win.cc(715)] Failed to read DnsHosts.
[0224/140733.406:WARNING:dns_config_service_win.cc(715)] Failed to read DnsHosts.
[0224/140733.435:WARNING:dns_config_service_win.cc(715)] Failed to read DnsHosts.
[0224/140733.437:WARNING:dns_config_service_win.cc(715)] Failed to read DnsHosts.
[0224/140733.466:WARNING:dns_config_service_win.cc(715)] Failed to read DnsHosts.
[0224/140733.514:WARNING:dns_config_service_win.cc(715)] Failed to read DnsHosts.
[0224/140733.515:WARNING:dns_config_service_win.cc(715)] Failed to read DnsHosts.
[0224/140733.572:WARNING:dns_config_service_win.cc(715)] Failed to read DnsHosts.
[0224/140733.692:WARNING:dns_config_service_win.cc(715)] Failed to read DnsHosts.
[0224/140733.772:WARNING:dns_config_service_win.cc(715)] Failed to read DnsHosts.
[0224/140733.821:WARNING:dns_config_service_win.cc(715)] Failed to read DnsHosts.
[0224/140733.824:WARNING:dns_config_service_win.cc(715)] Failed to read DnsHosts.
[0224/140733.868:WARNING:dns_config_service_win.cc(715)] Failed to read DnsHosts.
[0224/140733.900:WARNING:dns_config_service_win.cc(715)] Failed to read DnsHosts.
[0224/140733.939:WARNING:dns_config_service_win.cc(715)] Failed to read DnsHosts.
[0224/140733.973:WARNING:dns_config_service_win.cc(715)] Failed to read DnsHosts.
[0224/140733.977:WARNING:dns_config_service_win.cc(715)] Failed to read DnsHosts.
[0224/140734.010:WARNING:dns_config_service_win.cc(715)] Failed to read DnsHosts.
[0224/140734.089:WARNING:dns_config_service_win.cc(715)] Failed to read DnsHosts.
[0224/140734.118:WARNING:dns_config_service_win.cc(715)] Failed to read DnsHosts.
[0224/140734.142:WARNING:dns_config_service_win.cc(715)] Failed to read DnsHosts.
[0224/140734.220:WARNING:dns_config_service_win.cc(715)] Failed to read DnsHosts.
[0224/140734.250:WARNING:dns_config_service_win.cc(715)] Failed to read DnsHosts.
[0224/140734.302:WARNING:dns_config_service_win.cc(715)] Failed to read DnsHosts.
[0224/140734.333:WARNING:dns_config_service_win.cc(715)] Failed to read DnsHosts.
[0224/140734.353:WARNING:dns_config_service_win.cc(715)] Failed to read DnsHosts.
[0224/140734.373:WARNING:dns_config_service_win.cc(715)] Failed to read DnsHosts.
[0224/140734.548:WARNING:dns_config_service_win.cc(715)] Failed to read DnsHosts.
[0224/140734.604:WARNING:dns_config_service_win.cc(715)] Failed to read DnsHosts.
[0224/140734.644:WARNING:dns_config_service_win.cc(715)] Failed to read DnsHosts.
[0224/140734.698:WARNING:dns_config_service_win.cc(715)] Failed to read DnsHosts.
[0224/140734.729:WARNING:dns_config_service_win.cc(715)] Failed to read DnsHosts.
[0224/140734.825:WARNING:dns_config_service_win.cc(715)] Failed to read DnsHosts.
[0224/140734.855:WARNING:dns_config_service_win.cc(715)] Failed to read DnsHosts.
[0224/140734.858:WARNING:dns_config_service_win.cc(715)] Failed to read DnsHosts.
[0224/140734.874:WARNING:dns_config_service_win.cc(715)] Failed to read DnsHosts.
[0224/140734.876:WARNING:dns_config_service_win.cc(715)] Failed to read DnsHosts.
[0224/140734.918:WARNING:dns_config_service_win.cc(715)] Failed to read DnsHosts.
[0224/140734.947:WARNING:dns_config_service_win.cc(715)] Failed to read DnsHosts.
[0224/140734.948:WARNING:dns_config_service_win.cc(715)] Failed to read DnsHosts.
[0224/140734.969:WARNING:dns_config_service_win.cc(715)] Failed to read DnsHosts.
[0224/140734.997:WARNING:dns_config_service_win.cc(715)] Failed to read DnsHosts.
[0224/140735.064:WARNING:dns_config_service_win.cc(715)] Failed to read DnsHosts.
[0224/140735.115:WARNING:dns_config_service_win.cc(715)] Failed to read DnsHosts.
[0224/140735.117:WARNING:dns_config_service_win.cc(715)] Failed to read DnsHosts.
[0224/140735.139:WARNING:dns_config_service_win.cc(715)] Failed to read DnsHosts.
[0224/140735.166:WARNING:dns_config_service_win.cc(715)] Failed to read DnsHosts.
[0224/140735.168:WARNING:dns_config_service_win.cc(715)] Failed to read DnsHosts.
[0224/140735.190:WARNING:dns_config_service_win.cc(715)] Failed to read DnsHosts.
[0224/140735.222:WARNING:dns_config_service_win.cc(715)] Failed to read DnsHosts.
[0224/140735.255:WARNING:dns_config_service_win.cc(715)] Failed to read DnsHosts.
[0224/140735.292:WARNING:dns_config_service_win.cc(715)] Failed to read DnsHosts.
[0224/140735.389:WARNING:dns_config_service_win.cc(715)] Failed to read DnsHosts.
[0224/140735.391:WARNING:dns_config_service_win.cc(715)] Failed to read DnsHosts.
[0224/140735.431:WARNING:dns_config_service_win.cc(715)] Failed to read DnsHosts.
[0224/140735.452:WARNING:dns_config_service_win.cc(715)] Failed to read DnsHosts.
[0224/140735.453:WARNING:dns_config_service_win.cc(715)] Failed to read DnsHosts.
[0224/140735.486:WARNING:dns_config_service_win.cc(715)] Failed to read DnsHosts.
[0224/140735.516:WARNING:dns_config_service_win.cc(715)] Failed to read DnsHosts.
[0224/140735.517:WARNING:dns_config_service_win.cc(715)] Failed to read DnsHosts.
[0224/140735.540:WARNING:dns_config_service_win.cc(715)] Failed to read DnsHosts.
[0224/142936.132:WARNING:dns_config_service_win.cc(715)] Failed to read DnsHosts.
[0224/142936.396:WARNING:dns_config_service_win.cc(715)] Failed to read DnsHosts.
[0224/142936.493:WARNING:dns_config_service_win.cc(715)] Failed to read DnsHosts.
[0224/142936.560:WARNING:dns_config_service_win.cc(715)] Failed to read DnsHosts.
[0224/142936.708:WARNING:dns_config_service_win.cc(715)] Failed to read DnsHosts.
[0224/142936.845:WARNING:dns_config_service_win.cc(715)] Failed to read DnsHosts.
[0224/142936.917:WARNING:dns_config_service_win.cc(715)] Failed to read DnsHosts.
[0224/142937.019:WARNING:dns_config_service_win.cc(715)] Failed to read DnsHosts.
[0224/142937.127:WARNING:dns_config_service_win.cc(715)] Failed to read DnsHosts.
[0224/142937.200:WARNING:dns_config_service_win.cc(715)] Failed to read DnsHosts.
[0224/142937.252:WARNING:dns_config_service_win.cc(715)] Failed to read DnsHosts.
[0224/142937.401:WARNING:dns_config_service_win.cc(715)] Failed to read DnsHosts.
[0224/142937.466:WARNING:dns_config_service_win.cc(715)] Failed to read DnsHosts.
[0224/142937.535:WARNING:dns_config_service_win.cc(715)] Failed to read DnsHosts.
[0224/142937.595:WARNING:dns_config_service_win.cc(715)] Failed to read DnsHosts.
[0224/142937.769:WARNING:dns_config_service_win.cc(715)] Failed to read DnsHosts.
[0224/142937.834:WARNING:dns_config_service_win.cc(715)] Failed to read DnsHosts.
[0224/142937.936:WARNING:dns_config_service_win.cc(715)] Failed to read DnsHosts.
[0224/142938.036:WARNING:dns_config_service_win.cc(715)] Failed to read DnsHosts.
[0224/142938.183:WARNING:dns_config_service_win.cc(715)] Failed to read DnsHosts.
[0224/142938.248:WARNING:dns_config_service_win.cc(715)] Failed to read DnsHosts.
[0224/142938.319:WARNING:dns_config_service_win.cc(715)] Failed to read DnsHosts.
[0224/142938.428:WARNING:dns_config_service_win.cc(715)] Failed to read DnsHosts.
[0224/142938.497:WARNING:dns_config_service_win.cc(715)] Failed to read DnsHosts.
[0224/142938.560:WARNING:dns_config_service_win.cc(715)] Failed to read DnsHosts.
[0224/142938.601:WARNING:dns_config_service_win.cc(715)] Failed to read DnsHosts.
[0224/142938.644:WARNING:dns_config_service_win.cc(715)] Failed to read DnsHosts.
[0224/142938.679:WARNING:dns_config_service_win.cc(715)] Failed to read DnsHosts.
[0224/142938.749:WARNING:dns_config_service_win.cc(715)] Failed to read DnsHosts.
[0224/142938.825:WARNING:dns_config_service_win.cc(715)] Failed to read DnsHosts.
[0224/142938.828:WARNING:dns_config_service_win.cc(715)] Failed to read DnsHosts.
[0224/142938.885:WARNING:dns_config_service_win.cc(715)] Failed to read DnsHosts.
[0224/142938.951:WARNING:dns_config_service_win.cc(715)] Failed to read DnsHosts.
[0224/142939.066:WARNING:dns_config_service_win.cc(715)] Failed to read DnsHosts.
[0224/142939.151:WARNING:dns_config_service_win.cc(715)] Failed to read DnsHosts.
[0224/142939.153:WARNING:dns_config_service_win.cc(715)] Failed to read DnsHosts.
[0224/142939.219:WARNING:dns_config_service_win.cc(715)] Failed to read DnsHosts.
[0224/142939.231:WARNING:dns_config_service_win.cc(715)] Failed to read DnsHosts.
[0224/142939.311:WARNING:dns_config_service_win.cc(715)] Failed to read DnsHosts.
[0224/142939.347:WARNING:dns_config_service_win.cc(715)] Failed to read DnsHosts.
[0224/142939.411:WARNING:dns_config_service_win.cc(715)] Failed to read DnsHosts.
[0224/142939.468:WARNING:dns_config_service_win.cc(715)] Failed to read DnsHosts.
[0224/142939.528:WARNING:dns_config_service_win.cc(715)] Failed to read DnsHosts.
[0224/142939.530:WARNING:dns_config_service_win.cc(715)] Failed to read DnsHosts.
[0224/142939.570:WARNING:dns_config_service_win.cc(715)] Failed to read DnsHosts.
[0224/142939.602:WARNING:dns_config_service_win.cc(715)] Failed to read DnsHosts.
[0224/142939.643:WARNING:dns_config_service_win.cc(715)] Failed to read DnsHosts.
[0224/142939.682:WARNING:dns_config_service_win.cc(715)] Failed to read DnsHosts.
[0224/142939.683:WARNING:dns_config_service_win.cc(715)] Failed to read DnsHosts.
[0224/142939.747:WARNING:dns_config_service_win.cc(715)] Failed to read DnsHosts.
[0224/142939.781:WARNING:dns_config_service_win.cc(715)] Failed to read DnsHosts.
[0224/142939.814:WARNING:dns_config_service_win.cc(715)] Failed to read DnsHosts.
[0224/142939.847:WARNING:dns_config_service_win.cc(715)] Failed to read DnsHosts.
[0224/142939.878:WARNING:dns_config_service_win.cc(715)] Failed to read DnsHosts.
[0224/142939.902:WARNING:dns_config_service_win.cc(715)] Failed to read DnsHosts.
[0224/142939.945:WARNING:dns_config_service_win.cc(715)] Failed to read DnsHosts.
[0224/142940.061:WARNING:dns_config_service_win.cc(715)] Failed to read DnsHosts.
[0224/142940.201:WARNING:dns_config_service_win.cc(715)] Failed to read DnsHosts.
[0224/142940.292:WARNING:dns_config_service_win.cc(715)] Failed to read DnsHosts.
[0224/142940.377:WARNING:dns_config_service_win.cc(715)] Failed to read DnsHosts.
[0224/142940.468:WARNING:dns_config_service_win.cc(715)] Failed to read DnsHosts.
[0224/162942.134:WARNING:dns_config_service_win.cc(715)] Failed to read DnsHosts.
[0224/162942.201:WARNING:dns_config_service_win.cc(715)] Failed to read DnsHosts.
[0224/162942.264:WARNING:dns_config_service_win.cc(715)] Failed to read DnsHosts.
[0224/162942.320:WARNING:dns_config_service_win.cc(715)] Failed to read DnsHosts.
[0224/162942.322:WARNING:dns_config_service_win.cc(715)] Failed to read DnsHosts.
[0224/162942.364:WARNING:dns_config_service_win.cc(715)] Failed to read DnsHosts.
[0224/162942.404:WARNING:dns_config_service_win.cc(715)] Failed to read DnsHosts.
[0224/162942.446:WARNING:dns_config_service_win.cc(715)] Failed to read DnsHosts.
[0224/162942.521:WARNING:dns_config_service_win.cc(715)] Failed to read DnsHosts.
[0224/162942.581:WARNING:dns_config_service_win.cc(715)] Failed to read DnsHosts.
[0224/162942.621:WARNING:dns_config_service_win.cc(715)] Failed to read DnsHosts.
[0224/162942.664:WARNING:dns_config_service_win.cc(715)] Failed to read DnsHosts.
[0224/162942.715:WARNING:dns_config_service_win.cc(715)] Failed to read DnsHosts.
[0224/162942.765:WARNING:dns_config_service_win.cc(715)] Failed to read DnsHosts.
[0224/162942.819:WARNING:dns_config_service_win.cc(715)] Failed to read DnsHosts.
[0224/162942.821:WARNING:dns_config_service_win.cc(715)] Failed to read DnsHosts.
[0224/162942.869:WARNING:dns_config_service_win.cc(715)] Failed to read DnsHosts.
[0224/162942.912:WARNING:dns_config_service_win.cc(715)] Failed to read DnsHosts.
[0224/162943.042:WARNING:dns_config_service_win.cc(715)] Failed to read DnsHosts.
[0224/162943.134:WARNING:dns_config_service_win.cc(715)] Failed to read DnsHosts.
[0224/162943.137:WARNING:dns_config_service_win.cc(715)] Failed to read DnsHosts.
[0224/162943.188:WARNING:dns_config_service_win.cc(715)] Failed to read DnsHosts.
[0224/162943.196:WARNING:dns_config_service_win.cc(715)] Failed to read DnsHosts.
[0224/162943.288:WARNING:dns_config_service_win.cc(715)] Failed to read DnsHosts.
[0224/162943.349:WARNING:dns_config_service_win.cc(715)] Failed to read DnsHosts.
[0224/162943.386:WARNING:dns_config_service_win.cc(715)] Failed to read DnsHosts.
[0224/162943.447:WARNING:dns_config_service_win.cc(715)] Failed to read DnsHosts.
[0224/162943.488:WARNING:dns_config_service_win.cc(715)] Failed to read DnsHosts.
[0224/162943.521:WARNING:dns_config_service_win.cc(715)] Failed to read DnsHosts.
[0224/162943.571:WARNING:dns_config_service_win.cc(715)] Failed to read DnsHosts.
[0224/162943.631:WARNING:dns_config_service_win.cc(715)] Failed to read DnsHosts.
[0224/162943.729:WARNING:dns_config_service_win.cc(715)] Failed to read DnsHosts.
[0224/162943.762:WARNING:dns_config_service_win.cc(715)] Failed to read DnsHosts.
[0224/162943.803:WARNING:dns_config_service_win.cc(715)] Failed to read DnsHosts.
[0224/162943.847:WARNING:dns_config_service_win.cc(715)] Failed to read DnsHosts.
[0224/162943.848:WARNING:dns_config_service_win.cc(715)] Failed to read DnsHosts.
[0224/162943.871:WARNING:dns_config_service_win.cc(715)] Failed to read DnsHosts.
[0224/162943.913:WARNING:dns_config_service_win.cc(715)] Failed to read DnsHosts.
[0224/162944.012:WARNING:dns_config_service_win.cc(715)] Failed to read DnsHosts.
[0224/162944.044:WARNING:dns_config_service_win.cc(715)] Failed to read DnsHosts.
[0224/162944.103:WARNING:dns_config_service_win.cc(715)] Failed to read DnsHosts.
[0224/162944.135:WARNING:dns_config_service_win.cc(715)] Failed to read DnsHosts.
[0224/162944.167:WARNING:dns_config_service_win.cc(715)] Failed to read DnsHosts.
[0224/162944.201:WARNING:dns_config_service_win.cc(715)] Failed to read DnsHosts.
[0224/162944.203:WARNING:dns_config_service_win.cc(715)] Failed to read DnsHosts.
[0224/162944.230:WARNING:dns_config_service_win.cc(715)] Failed to read DnsHosts.
[0224/162944.232:WARNING:dns_config_service_win.cc(715)] Failed to read DnsHosts.
[0224/162944.251:WARNING:dns_config_service_win.cc(715)] Failed to read DnsHosts.
[0224/162944.294:WARNING:dns_config_service_win.cc(715)] Failed to read DnsHosts.
[0224/162944.296:WARNING:dns_config_service_win.cc(715)] Failed to read DnsHosts.
[0224/162944.329:WARNING:dns_config_service_win.cc(715)] Failed to read DnsHosts.
[0224/162944.331:WARNING:dns_config_service_win.cc(715)] Failed to read DnsHosts.
[0224/162944.404:WARNING:dns_config_service_win.cc(715)] Failed to read DnsHosts.
[0224/162944.471:WARNING:dns_config_service_win.cc(715)] Failed to read DnsHosts.
[0224/162944.477:WARNING:dns_config_service_win.cc(715)] Failed to read DnsHosts.
[0224/162944.500:WARNING:dns_config_service_win.cc(715)] Failed to read DnsHosts.
[0224/162944.501:WARNING:dns_config_service_win.cc(715)] Failed to read DnsHosts.
[0224/162944.531:WARNING:dns_config_service_win.cc(715)] Failed to read DnsHosts.
[0224/162944.564:WARNING:dns_config_service_win.cc(715)] Failed to read DnsHosts.
[0224/162944.565:WARNING:dns_config_service_win.cc(715)] Failed to read DnsHosts.
[0224/162944.627:WARNING:dns_config_service_win.cc(715)] Failed to read DnsHosts.
[0224/162944.721:WARNING:dns_config_service_win.cc(715)] Failed to read DnsHosts.
[0224/162944.725:WARNING:dns_config_service_win.cc(715)] Failed to read DnsHosts.
[0224/162944.750:WARNING:dns_config_service_win.cc(715)] Failed to read DnsHosts.
[0224/162944.809:WARNING:dns_config_service_win.cc(715)] Failed to read DnsHosts.
[0224/162944.832:WARNING:dns_config_service_win.cc(715)] Failed to read DnsHosts.
[0224/162944.925:WARNING:dns_config_service_win.cc(715)] Failed to read DnsHosts.
[0224/162944.955:WARNING:dns_config_service_win.cc(715)] Failed to read DnsHosts.
[0224/162944.959:WARNING:dns_config_service_win.cc(715)] Failed to read DnsHosts.
[0224/162944.988:WARNING:dns_config_service_win.cc(715)] Failed to read DnsHosts.
[0224/162945.016:WARNING:dns_config_service_win.cc(715)] Failed to read DnsHosts.
[0224/162945.048:WARNING:dns_config_service_win.cc(715)] Failed to read DnsHosts.
[0224/162945.084:WARNING:dns_config_service_win.cc(715)] Failed to read DnsHosts.
[0224/162945.118:WARNING:dns_config_service_win.cc(715)] Failed to read DnsHosts.
[0224/162945.176:WARNING:dns_config_service_win.cc(715)] Failed to read DnsHosts.
[0224/162945.219:WARNING:dns_config_service_win.cc(715)] Failed to read DnsHosts.
[0224/180733.291:WARNING:dns_config_service_win.cc(715)] Failed to read DnsHosts.
[0224/180733.495:WARNING:dns_config_service_win.cc(715)] Failed to read DnsHosts.
[0224/180733.647:WARNING:dns_config_service_win.cc(715)] Failed to read DnsHosts.
[0224/180733.709:WARNING:dns_config_service_win.cc(715)] Failed to read DnsHosts.
[0224/180733.776:WARNING:dns_config_service_win.cc(715)] Failed to read DnsHosts.
[0224/180734.180:WARNING:dns_config_service_win.cc(715)] Failed to read DnsHosts.
[0224/180734.215:WARNING:dns_config_service_win.cc(715)] Failed to read DnsHosts.
[0224/180734.272:WARNING:dns_config_service_win.cc(715)] Failed to read DnsHosts.
[0224/180734.306:WARNING:dns_config_service_win.cc(715)] Failed to read DnsHosts.
[0224/180734.340:WARNING:dns_config_service_win.cc(715)] Failed to read DnsHosts.
[0224/180734.342:WARNING:dns_config_service_win.cc(715)] Failed to read DnsHosts.
[0224/180734.476:WARNING:dns_config_service_win.cc(715)] Failed to read DnsHosts.
[0224/180734.506:WARNING:dns_config_service_win.cc(715)] Failed to read DnsHosts.
[0224/180734.630:WARNING:dns_config_service_win.cc(715)] Failed to read DnsHosts.
[0224/180734.697:WARNING:dns_config_service_win.cc(715)] Failed to read DnsHosts.
[0224/180734.727:WARNING:dns_config_service_win.cc(715)] Failed to read DnsHosts.
[0224/180734.763:WARNING:dns_config_service_win.cc(715)] Failed to read DnsHosts.
[0224/180734.794:WARNING:dns_config_service_win.cc(715)] Failed to read DnsHosts.
[0224/180734.848:WARNING:dns_config_service_win.cc(715)] Failed to read DnsHosts.
[0224/180734.938:WARNING:dns_config_service_win.cc(715)] Failed to read DnsHosts.
[0224/180734.972:WARNING:dns_config_service_win.cc(715)] Failed to read DnsHosts.
[0224/180734.975:WARNING:dns_config_service_win.cc(715)] Failed to read DnsHosts.
[0224/180735.008:WARNING:dns_config_service_win.cc(715)] Failed to read DnsHosts.
[0224/180735.086:WARNING:dns_config_service_win.cc(715)] Failed to read DnsHosts.
[0224/180735.185:WARNING:dns_config_service_win.cc(715)] Failed to read DnsHosts.
[0224/180735.262:WARNING:dns_config_service_win.cc(715)] Failed to read DnsHosts.
[0224/180735.372:WARNING:dns_config_service_win.cc(715)] Failed to read DnsHosts.
[0224/180735.462:WARNING:dns_config_service_win.cc(715)] Failed to read DnsHosts.
[0224/180735.529:WARNING:dns_config_service_win.cc(715)] Failed to read DnsHosts.
[0224/180735.536:WARNING:dns_config_service_win.cc(715)] Failed to read DnsHosts.
[0224/180735.591:WARNING:dns_config_service_win.cc(715)] Failed to read DnsHosts.
[0224/180735.690:WARNING:dns_config_service_win.cc(715)] Failed to read DnsHosts.
[0224/180735.814:WARNING:dns_config_service_win.cc(715)] Failed to read DnsHosts.
[0224/180735.868:WARNING:dns_config_service_win.cc(715)] Failed to read DnsHosts.
[0224/180735.897:WARNING:dns_config_service_win.cc(715)] Failed to read DnsHosts.
[0224/180735.898:WARNING:dns_config_service_win.cc(715)] Failed to read DnsHosts.
